"../../../Engine/Content/EditorResources/S_Actor.ubulk" 0
"../../../Engine/Content/EditorResources/S_Actor.uasset" 1
"../../../Engine/Content/EditorResources/S_Actor.uexp" 2
"../../../Engine/Content/EditorResources/S_BoxReflectionCapture.uasset" 3
"../../../Engine/Content/EditorResources/S_BoxReflectionCapture.uexp" 4
"../../../Engine/Content/EngineResources/DefaultTexture.ubulk" 5
"../../../Engine/Content/EngineResources/DefaultTexture.uasset" 6
"../../../Engine/Content/EngineResources/DefaultTexture.uexp" 7
"../../../Engine/Content/EngineResources/DefaultTextureCube.uasset" 8
"../../../Engine/Content/EngineResources/DefaultTextureCube.uexp" 9
"../../../Engine/Content/EngineResources/DefaultVolumeTexture2D.uasset" 10
"../../../Engine/Content/EngineResources/DefaultVolumeTexture2D.uexp" 11
"../../../Engine/Content/EngineResources/DefaultVolumeTexture.uasset" 12
"../../../Engine/Content/EngineResources/DefaultVolumeTexture.uexp" 13
"../../../Engine/Content/EditorResources/S_Trigger.ubulk" 14
"../../../Engine/Content/EditorResources/S_Trigger.uasset" 15
"../../../Engine/Content/EditorResources/S_Trigger.uexp" 16
"../../../Engine/Content/EditorResources/S_TriggerBox.uasset" 17
"../../../Engine/Content/EditorResources/S_TriggerBox.uexp" 18
"../../../Engine/Content/EditorResources/S_TriggerCapsule.uasset" 19
"../../../Engine/Content/EditorResources/S_TriggerCapsule.uexp" 20
"../../../Engine/Content/EditorResources/S_TriggerSphere.uasset" 21
"../../../Engine/Content/EditorResources/S_TriggerSphere.uexp" 22
"../../../Engine/Content/EngineMeshes/Sphere.uasset" 23
"../../../Engine/Content/EngineMeshes/Sphere.uexp" 24
"../../../Engine/Content/EngineResources/GradientTexture0.uasset" 25
"../../../Engine/Content/EngineResources/GradientTexture0.uexp" 26
"../../../Engine/Content/EngineResources/Black.uasset" 27
"../../../Engine/Content/EngineResources/Black.uexp" 28
"../../../Engine/Content/VREditor/LaserPointer/VR_LaserPower_01.ubulk" 29
"../../../Engine/Content/VREditor/LaserPointer/VR_LaserPower_01.uasset" 30
"../../../Engine/Content/VREditor/LaserPointer/VR_LaserPower_01.uexp" 31
"../../../Engine/Content/VREditor/TransformGizmo/TransformGizmoMaterial.uasset" 32
"../../../Engine/Content/VREditor/TransformGizmo/TransformGizmoMaterial.uexp" 33
"../../../Engine/Content/VREditor/TransformGizmo/TranslucentTransformGizmoMaterial.uasset" 34
"../../../Engine/Content/VREditor/TransformGizmo/TranslucentTransformGizmoMaterial.uexp" 35
"../../../Engine/Content/VREditor/TransformGizmo/PlaneTranslationHandle.uasset" 36
"../../../Engine/Content/VREditor/TransformGizmo/PlaneTranslationHandle.uexp" 37
"../../../Engine/Content/VREditor/TransformGizmo/BoundingBoxCorner.uasset" 38
"../../../Engine/Content/VREditor/TransformGizmo/BoundingBoxCorner.uexp" 39
"../../../Engine/Content/VREditor/TransformGizmo/BoundingBoxEdge.uasset" 40
"../../../Engine/Content/VREditor/TransformGizmo/BoundingBoxEdge.uexp" 41
"../../../Engine/Content/VREditor/TransformGizmo/Main.uasset" 42
"../../../Engine/Content/VREditor/TransformGizmo/Main.uexp" 43
"../../../Engine/Content/VREditor/TransformGizmo/Xray.uasset" 44
"../../../Engine/Content/VREditor/TransformGizmo/Xray.uexp" 45
"../../../Engine/Content/VREditor/TransformGizmo/SM_Sequencer_Node.uasset" 46
"../../../Engine/Content/VREditor/TransformGizmo/SM_Sequencer_Node.uexp" 47
"../../../Engine/Content/EditorMaterials/Camera/CineMat.uasset" 48
"../../../Engine/Content/EditorMaterials/Camera/CineMat.uexp" 49
"../../../Engine/Content/EditorMaterials/Camera/MI_CineMat_Rig.uasset" 50
"../../../Engine/Content/EditorMaterials/Camera/MI_CineMat_Rig.uexp" 51
"../../../Engine/Content/EditorMeshes/Camera/SM_CraneRig_Base.uasset" 52
"../../../Engine/Content/EditorMeshes/Camera/SM_CraneRig_Base.uexp" 53
"../../../Engine/Content/EditorMeshes/Camera/SM_CraneRig_Arm.uasset" 54
"../../../Engine/Content/EditorMeshes/Camera/SM_CraneRig_Arm.uexp" 55
"../../../Engine/Content/EditorMeshes/Camera/SM_CraneRig_Mount.uasset" 56
"../../../Engine/Content/EditorMeshes/Camera/SM_CraneRig_Mount.uexp" 57
"../../../Engine/Content/EditorMeshes/Camera/SM_CraneRig_Body.uasset" 58
"../../../Engine/Content/EditorMeshes/Camera/SM_CraneRig_Body.uexp" 59
"../../../Engine/Content/EditorMeshes/Camera/SM_RailRig_Track.uasset" 60
"../../../Engine/Content/EditorMeshes/Camera/SM_RailRig_Track.uexp" 61
"../../../Engine/Content/EditorMeshes/Camera/SM_RailRig_Mount.uasset" 62
"../../../Engine/Content/EditorMeshes/Camera/SM_RailRig_Mount.uexp" 63
"../../../Engine/Content/EngineMaterials/T_Default_Material_Grid_M.ubulk" 64
"../../../Engine/Content/EngineMaterials/T_Default_Material_Grid_M.uasset" 65
"../../../Engine/Content/EngineMaterials/T_Default_Material_Grid_M.uexp" 66
"../../../Engine/Content/EngineMaterials/T_Default_Material_Grid_N.ubulk" 67
"../../../Engine/Content/EngineMaterials/T_Default_Material_Grid_N.uasset" 68
"../../../Engine/Content/EngineMaterials/T_Default_Material_Grid_N.uexp" 69
"../../../Engine/Content/Functions/Engine_MaterialFunctions01/Opacity/CameraDepthFade.uasset" 70
"../../../Engine/Content/Functions/Engine_MaterialFunctions01/Opacity/CameraDepthFade.uexp" 71
"../../../Engine/Content/EngineMaterials/WorldGridMaterial.uasset" 72
"../../../Engine/Content/EngineMaterials/WorldGridMaterial.uexp" 73
"../../../Engine/Content/ArtTools/RenderToTexture/Meshes/S_1_Unit_Plane.uasset" 74
"../../../Engine/Content/ArtTools/RenderToTexture/Meshes/S_1_Unit_Plane.uexp" 75
"../../../Engine/Content/EditorMaterials/ParticleSystems/PSysThumbnail_NoImage.ubulk" 76
"../../../Engine/Content/EditorMaterials/ParticleSystems/PSysThumbnail_NoImage.uasset" 77
"../../../Engine/Content/EditorMaterials/ParticleSystems/PSysThumbnail_NoImage.uexp" 78
"../../../Engine/Content/EditorMaterials/ParticleSystems/PSysThumbnail_OOD.ubulk" 79
"../../../Engine/Content/EditorMaterials/ParticleSystems/PSysThumbnail_OOD.uasset" 80
"../../../Engine/Content/EditorMaterials/ParticleSystems/PSysThumbnail_OOD.uexp" 81
"../../../Engine/Content/EditorLandscapeResources/SplineEditorMeshMat.uasset" 82
"../../../Engine/Content/EditorLandscapeResources/SplineEditorMeshMat.uexp" 83
"../../../Engine/Content/EditorLandscapeResources/SplineEditorMesh.uasset" 84
"../../../Engine/Content/EditorLandscapeResources/SplineEditorMesh.uexp" 85
"../../../Engine/Content/EditorResources/S_Solver.ubulk" 86
"../../../Engine/Content/EditorResources/S_Solver.uasset" 87
"../../../Engine/Content/EditorResources/S_Solver.uexp" 88
"../../../Engine/Plugins/Media/MediaPlate/Content/SM_MediaPlateScreen.uasset" 89
"../../../Engine/Plugins/Media/MediaPlate/Content/SM_MediaPlateScreen.uexp" 90
"../../../Engine/Content/EngineMaterials/Good64x64TilingNoiseHighFreq.uasset" 91
"../../../Engine/Content/EngineMaterials/Good64x64TilingNoiseHighFreq.uexp" 92
"../../../Engine/Content/EngineMaterials/DefaultBokeh.uasset" 93
"../../../Engine/Content/EngineMaterials/DefaultBokeh.uexp" 94
"../../../Engine/Content/EngineMaterials/PreintegratedSkinBRDF.uasset" 95
"../../../Engine/Content/EngineMaterials/PreintegratedSkinBRDF.uexp" 96
"../../../Engine/Content/EngineMaterials/MiniFont.uasset" 97
"../../../Engine/Content/EngineMaterials/MiniFont.uexp" 98
"../../../Engine/Content/EngineMaterials/WeightMapPlaceholderTexture.uasset" 99
"../../../Engine/Content/EngineMaterials/WeightMapPlaceholderTexture.uexp" 100
"../../../Engine/Content/EngineMaterials/DefaultWhiteGrid.ubulk" 101
"../../../Engine/Content/EngineMaterials/DefaultWhiteGrid.uasset" 102
"../../../Engine/Content/EngineMaterials/DefaultWhiteGrid.uexp" 103
"../../../Engine/Plugins/2D/Paper2D/Content/PlaceholderTextures/DummySpriteTexture.ubulk" 104
"../../../Engine/Plugins/2D/Paper2D/Content/PlaceholderTextures/DummySpriteTexture.uasset" 105
"../../../Engine/Plugins/2D/Paper2D/Content/PlaceholderTextures/DummySpriteTexture.uexp" 106
"../../../Engine/Plugins/2D/Paper2D/Content/DefaultSpriteMaterial.uasset" 107
"../../../Engine/Plugins/2D/Paper2D/Content/DefaultSpriteMaterial.uexp" 108
"../../../Engine/Plugins/2D/Paper2D/Content/OpaqueUnlitSpriteMaterial.uasset" 109
"../../../Engine/Plugins/2D/Paper2D/Content/OpaqueUnlitSpriteMaterial.uexp" 110
"../../../Engine/Plugins/2D/Paper2D/Content/MaskedUnlitSpriteMaterial.uasset" 111
"../../../Engine/Plugins/2D/Paper2D/Content/MaskedUnlitSpriteMaterial.uexp" 112
"../../../Engine/Plugins/2D/Paper2D/Content/DummySprite.uasset" 113
"../../../Engine/Plugins/2D/Paper2D/Content/DummySprite.uexp" 114
"../../../Engine/Plugins/2D/Paper2D/Content/DefaultPaperTerrainMaterial.uasset" 115
"../../../Engine/Plugins/2D/Paper2D/Content/DefaultPaperTerrainMaterial.uexp" 116
"../../../Engine/Content/Functions/Engine_MaterialFunctions02/WorldPositionOffset/CameraOffset.uasset" 117
"../../../Engine/Content/Functions/Engine_MaterialFunctions02/WorldPositionOffset/CameraOffset.uexp" 118
"../../../Engine/Plugins/Animation/ControlRig/Content/M_Manip.uasset" 119
"../../../Engine/Plugins/Animation/ControlRig/Content/M_Manip.uexp" 120
"../../../Engine/Content/Animation/DefaultRecorderBoneCompression.uasset" 121
"../../../Engine/Content/Animation/DefaultRecorderBoneCompression.uexp" 122
"../../../Engine/Content/Animation/DefaultAnimCurveCompressionSettings.uasset" 123
"../../../Engine/Content/Animation/DefaultAnimCurveCompressionSettings.uexp" 124
"../../../Engine/Content/Animation/DefaultAnimBoneCompressionSettings.uasset" 125
"../../../Engine/Content/Animation/DefaultAnimBoneCompressionSettings.uexp" 126
"../../../Engine/Content/BasicShapes/Plane.uasset" 127
"../../../Engine/Content/BasicShapes/Plane.uexp" 128
"../../../Engine/Content/EngineMaterials/DefaultMaterial.uasset" 129
"../../../Engine/Content/EngineMaterials/DefaultMaterial.uexp" 130
"../../../Engine/Content/BasicShapes/Cone.uasset" 131
"../../../Engine/Content/BasicShapes/Cone.uexp" 132
"../../../Engine/Content/EditorResources/S_Terrain.ubulk" 133
"../../../Engine/Content/EditorResources/S_Terrain.uasset" 134
"../../../Engine/Content/EditorResources/S_Terrain.uexp" 135
"../../../Engine/Content/EditorResources/EmptyActor.uasset" 136
"../../../Engine/Content/EditorResources/EmptyActor.uexp" 137
"../../../Engine/Content/EditorResources/BSPVertex.uasset" 138
"../../../Engine/Content/EditorResources/BSPVertex.uexp" 139
"../../../Engine/Content/EngineSounds/Master.uasset" 140
"../../../Engine/Content/EngineSounds/Master.uexp" 141
"../../../Engine/Plugins/Runtime/MeshModelingToolset/Content/Materials/M_DynamicMeshComponentVtxColor.uasset" 142
"../../../Engine/Plugins/Runtime/MeshModelingToolset/Content/Materials/M_DynamicMeshComponentVtxColor.uexp" 143
"../../../Engine/Plugins/Interchange/Runtime/Content/Pipelines/DefaultTexturePipeline.uasset" 144
"../../../Engine/Plugins/Interchange/Runtime/Content/Pipelines/DefaultTexturePipeline.uexp" 145
"../../../Engine/Plugins/Interchange/Runtime/Content/Pipelines/DefaultSceneLevelPipeline.uasset" 146
"../../../Engine/Plugins/Interchange/Runtime/Content/Pipelines/DefaultSceneLevelPipeline.uexp" 147
"../../../Engine/Plugins/Interchange/Runtime/Content/Pipelines/DefaultSceneAssetsPipeline.uasset" 148
"../../../Engine/Plugins/Interchange/Runtime/Content/Pipelines/DefaultSceneAssetsPipeline.uexp" 149
"../../../Engine/Plugins/Interchange/Runtime/Content/Pipelines/DefaultMaterialPipeline.uasset" 150
"../../../Engine/Plugins/Interchange/Runtime/Content/Pipelines/DefaultMaterialPipeline.uexp" 151
"../../../Engine/Plugins/Interchange/Runtime/Content/Pipelines/DefaultAssetsPipeline.uasset" 152
"../../../Engine/Plugins/Interchange/Runtime/Content/Pipelines/DefaultAssetsPipeline.uexp" 153
"../../../Engine/Plugins/Editor/SpeedTreeImporter/Content/SpeedTree9/game_wind_noise.ubulk" 154
"../../../Engine/Plugins/Editor/SpeedTreeImporter/Content/SpeedTree9/game_wind_noise.uasset" 155
"../../../Engine/Plugins/Editor/SpeedTreeImporter/Content/SpeedTree9/game_wind_noise.uexp" 156
"../../../Engine/Plugins/Editor/SpeedTreeImporter/Content/SpeedTree9/UnpackDirection.uasset" 157
"../../../Engine/Plugins/Editor/SpeedTreeImporter/Content/SpeedTree9/UnpackDirection.uexp" 158
"../../../Engine/Content/Functions/Engine_MaterialFunctions02/ObjectLocalBounds.uasset" 159
"../../../Engine/Content/Functions/Engine_MaterialFunctions02/ObjectLocalBounds.uexp" 160
"../../../Engine/Content/Functions/Engine_MaterialFunctions02/Utility/BreakOutFloat3Components.uasset" 161
"../../../Engine/Content/Functions/Engine_MaterialFunctions02/Utility/BreakOutFloat3Components.uexp" 162
"../../../Engine/Content/Functions/Engine_MaterialFunctions02/UVs/BoundingBoxBased_0-1_UVW.uasset" 163
"../../../Engine/Content/Functions/Engine_MaterialFunctions02/UVs/BoundingBoxBased_0-1_UVW.uexp" 164
"../../../Engine/Content/Functions/Engine_MaterialFunctions02/Utility/VectorLength.uasset" 165
"../../../Engine/Content/Functions/Engine_MaterialFunctions02/Utility/VectorLength.uexp" 166
"../../../Engine/Plugins/Editor/SpeedTreeImporter/Content/SpeedTree9/UnpackInteger3.uasset" 167
"../../../Engine/Plugins/Editor/SpeedTreeImporter/Content/SpeedTree9/UnpackInteger3.uexp" 168
"../../../Engine/Plugins/Editor/SpeedTreeImporter/Content/SpeedTree9/SpeedTreeCameraFacing.uasset" 169
"../../../Engine/Plugins/Editor/SpeedTreeImporter/Content/SpeedTree9/SpeedTreeCameraFacing.uexp" 170
"../../../Engine/Content/Functions/Engine_MaterialFunctions02/WorldPositionOffset/ObjectScale.uasset" 171
"../../../Engine/Content/Functions/Engine_MaterialFunctions02/WorldPositionOffset/ObjectScale.uexp" 172
"../../../Engine/Content/Functions/Engine_MaterialFunctions02/SafeNormalize.uasset" 173
"../../../Engine/Content/Functions/Engine_MaterialFunctions02/SafeNormalize.uexp" 174
"../../../Engine/Plugins/Editor/SpeedTreeImporter/Content/SpeedTree9/SpeedTreeWindMotion.uasset" 175
"../../../Engine/Plugins/Editor/SpeedTreeImporter/Content/SpeedTree9/SpeedTreeWindMotion.uexp" 176
"../../../Engine/Plugins/Editor/SpeedTreeImporter/Content/SpeedTree9/SpeedTreeBranchMotion.uasset" 177
"../../../Engine/Plugins/Editor/SpeedTreeImporter/Content/SpeedTree9/SpeedTreeBranchMotion.uexp" 178
"../../../Engine/Plugins/Editor/SpeedTreeImporter/Content/SpeedTree9/SpeedTreeWind.uasset" 179
"../../../Engine/Plugins/Editor/SpeedTreeImporter/Content/SpeedTree9/SpeedTreeWind.uexp" 180
"../../../Engine/Plugins/Editor/SpeedTreeImporter/Content/SpeedTree9/EmptyNormal.uasset" 181
"../../../Engine/Plugins/Editor/SpeedTreeImporter/Content/SpeedTree9/EmptyNormal.uexp" 182
"../../../Engine/Plugins/Editor/SpeedTreeImporter/Content/SpeedTree9/Empty.uasset" 183
"../../../Engine/Plugins/Editor/SpeedTreeImporter/Content/SpeedTree9/Empty.uexp" 184
"../../../Engine/Plugins/Editor/SpeedTreeImporter/Content/SpeedTree9/SpeedTreeMaster.uasset" 185
"../../../Engine/Plugins/Editor/SpeedTreeImporter/Content/SpeedTree9/SpeedTreeMaster.uexp" 186
"../../../Engine/Plugins/Editor/SpeedTreeImporter/Content/SpeedTree9/SpeedTreeBillboard.uasset" 187
"../../../Engine/Plugins/Editor/SpeedTreeImporter/Content/SpeedTree9/SpeedTreeBillboard.uexp" 188
"../../../Engine/Plugins/Editor/SpeedTreeImporter/Content/SpeedTree9/SpeedTreeBillboardMaster.uasset" 189
"../../../Engine/Plugins/Editor/SpeedTreeImporter/Content/SpeedTree9/SpeedTreeBillboardMaster.uexp" 190
"../../../Engine/Plugins/Animation/ControlRig/Content/Controls/DefaultGizmoLibraryNormalized.uasset" 191
"../../../Engine/Plugins/Animation/ControlRig/Content/Controls/DefaultGizmoLibraryNormalized.uexp" 192
"../../../Engine/Plugins/Animation/ControlRig/Content/Controls/ControlRig_Wedge_solid.uasset" 193
"../../../Engine/Plugins/Animation/ControlRig/Content/Controls/ControlRig_Wedge_solid.uexp" 194
"../../../Engine/Plugins/Animation/ControlRig/Content/Controls/ControlRig_Wedge_3mm.uasset" 195
"../../../Engine/Plugins/Animation/ControlRig/Content/Controls/ControlRig_Wedge_3mm.uexp" 196
"../../../Engine/Plugins/Animation/ControlRig/Content/Controls/ControlRig_Wedge_1mm.uasset" 197
"../../../Engine/Plugins/Animation/ControlRig/Content/Controls/ControlRig_Wedge_1mm.uexp" 198
"../../../Engine/Plugins/Animation/ControlRig/Content/Controls/ControlRig_Triangle_solid.uasset" 199
"../../../Engine/Plugins/Animation/ControlRig/Content/Controls/ControlRig_Triangle_solid.uexp" 200
"../../../Engine/Plugins/Animation/ControlRig/Content/Controls/ControlRig_Triangle_3mm.uasset" 201
"../../../Engine/Plugins/Animation/ControlRig/Content/Controls/ControlRig_Triangle_3mm.uexp" 202
"../../../Engine/Plugins/Animation/ControlRig/Content/Controls/ControlRig_Triangle_1mm.uasset" 203
"../../../Engine/Plugins/Animation/ControlRig/Content/Controls/ControlRig_Triangle_1mm.uexp" 204
"../../../Engine/Plugins/Animation/ControlRig/Content/Controls/ControlRig_Star4_solid.uasset" 205
"../../../Engine/Plugins/Animation/ControlRig/Content/Controls/ControlRig_Star4_solid.uexp" 206
"../../../Engine/Plugins/Animation/ControlRig/Content/Controls/ControlRig_Star4_3mm.uasset" 207
"../../../Engine/Plugins/Animation/ControlRig/Content/Controls/ControlRig_Star4_3mm.uexp" 208
"../../../Engine/Plugins/Animation/ControlRig/Content/Controls/ControlRig_Star4_1mm.uasset" 209
"../../../Engine/Plugins/Animation/ControlRig/Content/Controls/ControlRig_Star4_1mm.uexp" 210
"../../../Engine/Plugins/Animation/ControlRig/Content/Controls/ControlRig_Square_solid.uasset" 211
"../../../Engine/Plugins/Animation/ControlRig/Content/Controls/ControlRig_Square_solid.uexp" 212
"../../../Engine/Plugins/Animation/ControlRig/Content/Controls/ControlRig_Square_3mm.uasset" 213
"../../../Engine/Plugins/Animation/ControlRig/Content/Controls/ControlRig_Square_3mm.uexp" 214
"../../../Engine/Plugins/Animation/ControlRig/Content/Controls/ControlRig_Square_1mm.uasset" 215
"../../../Engine/Plugins/Animation/ControlRig/Content/Controls/ControlRig_Square_1mm.uexp" 216
"../../../Engine/Plugins/Animation/ControlRig/Content/Controls/ControlRig_Sphere_solid.uasset" 217
"../../../Engine/Plugins/Animation/ControlRig/Content/Controls/ControlRig_Sphere_solid.uexp" 218
"../../../Engine/Plugins/Animation/ControlRig/Content/Controls/ControlRig_Sphere_3mm.uasset" 219
"../../../Engine/Plugins/Animation/ControlRig/Content/Controls/ControlRig_Sphere_3mm.uexp" 220
"../../../Engine/Plugins/Animation/ControlRig/Content/Controls/ControlRig_Sphere_1mm.uasset" 221
"../../../Engine/Plugins/Animation/ControlRig/Content/Controls/ControlRig_Sphere_1mm.uexp" 222
"../../../Engine/Plugins/Animation/ControlRig/Content/Controls/ControlRig_RoundedTriangle_solid.uasset" 223
"../../../Engine/Plugins/Animation/ControlRig/Content/Controls/ControlRig_RoundedTriangle_solid.uexp" 224
"../../../Engine/Plugins/Animation/ControlRig/Content/Controls/ControlRig_RoundedTriangle_3mm.uasset" 225
"../../../Engine/Plugins/Animation/ControlRig/Content/Controls/ControlRig_RoundedTriangle_3mm.uexp" 226
"../../../Engine/Plugins/Animation/ControlRig/Content/Controls/ControlRig_RoundedTriangle_1mm.uasset" 227
"../../../Engine/Plugins/Animation/ControlRig/Content/Controls/ControlRig_RoundedTriangle_1mm.uexp" 228
"../../../Engine/Plugins/Animation/ControlRig/Content/Controls/ControlRig_RoundedSquare_solid.uasset" 229
"../../../Engine/Plugins/Animation/ControlRig/Content/Controls/ControlRig_RoundedSquare_solid.uexp" 230
"../../../Engine/Plugins/Animation/ControlRig/Content/Controls/ControlRig_RoundedSquare_3mm.uasset" 231
"../../../Engine/Plugins/Animation/ControlRig/Content/Controls/ControlRig_RoundedSquare_3mm.uexp" 232
"../../../Engine/Plugins/Animation/ControlRig/Content/Controls/ControlRig_RoundedSquare_1mm.uasset" 233
"../../../Engine/Plugins/Animation/ControlRig/Content/Controls/ControlRig_RoundedSquare_1mm.uexp" 234
"../../../Engine/Plugins/Animation/ControlRig/Content/Controls/ControlRig_QuarterCircle_solid.uasset" 235
"../../../Engine/Plugins/Animation/ControlRig/Content/Controls/ControlRig_QuarterCircle_solid.uexp" 236
"../../../Engine/Plugins/Animation/ControlRig/Content/Controls/ControlRig_QuarterCircle_3mm.uasset" 237
"../../../Engine/Plugins/Animation/ControlRig/Content/Controls/ControlRig_QuarterCircle_3mm.uexp" 238
"../../../Engine/Plugins/Animation/ControlRig/Content/Controls/ControlRig_QuarterCircle_1mm.uasset" 239
"../../../Engine/Plugins/Animation/ControlRig/Content/Controls/ControlRig_QuarterCircle_1mm.uexp" 240
"../../../Engine/Plugins/Animation/ControlRig/Content/Controls/ControlRig_Pyramid_solid.uasset" 241
"../../../Engine/Plugins/Animation/ControlRig/Content/Controls/ControlRig_Pyramid_solid.uexp" 242
"../../../Engine/Plugins/Animation/ControlRig/Content/Controls/ControlRig_Pyramid_3mm.uasset" 243
"../../../Engine/Plugins/Animation/ControlRig/Content/Controls/ControlRig_Pyramid_3mm.uexp" 244
"../../../Engine/Plugins/Animation/ControlRig/Content/Controls/ControlRig_Pyramid_1mm.uasset" 245
"../../../Engine/Plugins/Animation/ControlRig/Content/Controls/ControlRig_Pyramid_1mm.uexp" 246
"../../../Engine/Plugins/Animation/ControlRig/Content/Controls/ControlRig_Octagon_solid.uasset" 247
"../../../Engine/Plugins/Animation/ControlRig/Content/Controls/ControlRig_Octagon_solid.uexp" 248
"../../../Engine/Plugins/Animation/ControlRig/Content/Controls/ControlRig_Octagon_3mm.uasset" 249
"../../../Engine/Plugins/Animation/ControlRig/Content/Controls/ControlRig_Octagon_3mm.uexp" 250
"../../../Engine/Plugins/Animation/ControlRig/Content/Controls/ControlRig_Octagon_1mm.uasset" 251
"../../../Engine/Plugins/Animation/ControlRig/Content/Controls/ControlRig_Octagon_1mm.uexp" 252
"../../../Engine/Plugins/Animation/ControlRig/Content/Controls/ControlRig_Hexagon_solid.uasset" 253
"../../../Engine/Plugins/Animation/ControlRig/Content/Controls/ControlRig_Hexagon_solid.uexp" 254
"../../../Engine/Plugins/Animation/ControlRig/Content/Controls/ControlRig_Hexagon_3mm.uasset" 255
"../../../Engine/Plugins/Animation/ControlRig/Content/Controls/ControlRig_Hexagon_3mm.uexp" 256
"../../../Engine/Plugins/Animation/ControlRig/Content/Controls/ControlRig_Hexagon_1mm.uasset" 257
"../../../Engine/Plugins/Animation/ControlRig/Content/Controls/ControlRig_Hexagon_1mm.uexp" 258
"../../../Engine/Plugins/Animation/ControlRig/Content/Controls/ControlRig_HalfCircle_solid.uasset" 259
"../../../Engine/Plugins/Animation/ControlRig/Content/Controls/ControlRig_HalfCircle_solid.uexp" 260
"../../../Engine/Plugins/Animation/ControlRig/Content/Controls/ControlRig_HalfCircle_3mm.uasset" 261
"../../../Engine/Plugins/Animation/ControlRig/Content/Controls/ControlRig_HalfCircle_3mm.uexp" 262
"../../../Engine/Plugins/Animation/ControlRig/Content/Controls/ControlRig_HalfCircle_1mm.uasset" 263
"../../../Engine/Plugins/Animation/ControlRig/Content/Controls/ControlRig_HalfCircle_1mm.uexp" 264
"../../../Engine/Plugins/Animation/ControlRig/Content/Controls/ControlRig_Diamond_solid.uasset" 265
"../../../Engine/Plugins/Animation/ControlRig/Content/Controls/ControlRig_Diamond_solid.uexp" 266
"../../../Engine/Plugins/Animation/ControlRig/Content/Controls/ControlRig_Diamond_3mm.uasset" 267
"../../../Engine/Plugins/Animation/ControlRig/Content/Controls/ControlRig_Diamond_3mm.uexp" 268
"../../../Engine/Plugins/Animation/ControlRig/Content/Controls/ControlRig_Diamond_1mm.uasset" 269
"../../../Engine/Plugins/Animation/ControlRig/Content/Controls/ControlRig_Diamond_1mm.uexp" 270
"../../../Engine/Plugins/Animation/ControlRig/Content/Controls/ControlRig_Circle_solid.uasset" 271
"../../../Engine/Plugins/Animation/ControlRig/Content/Controls/ControlRig_Circle_solid.uexp" 272
"../../../Engine/Plugins/Animation/ControlRig/Content/Controls/ControlRig_Circle_3mm.uasset" 273
"../../../Engine/Plugins/Animation/ControlRig/Content/Controls/ControlRig_Circle_3mm.uexp" 274
"../../../Engine/Plugins/Animation/ControlRig/Content/Controls/ControlRig_Circle_1mm.uasset" 275
"../../../Engine/Plugins/Animation/ControlRig/Content/Controls/ControlRig_Circle_1mm.uexp" 276
"../../../Engine/Plugins/Animation/ControlRig/Content/Controls/ControlRig_Box_solid.uasset" 277
"../../../Engine/Plugins/Animation/ControlRig/Content/Controls/ControlRig_Box_solid.uexp" 278
"../../../Engine/Plugins/Animation/ControlRig/Content/Controls/ControlRig_Box_3mm.uasset" 279
"../../../Engine/Plugins/Animation/ControlRig/Content/Controls/ControlRig_Box_3mm.uexp" 280
"../../../Engine/Plugins/Animation/ControlRig/Content/Controls/ControlRig_Box_1mm.uasset" 281
"../../../Engine/Plugins/Animation/ControlRig/Content/Controls/ControlRig_Box_1mm.uexp" 282
"../../../Engine/Plugins/Animation/ControlRig/Content/Controls/ControlRig_Arrow_solid.uasset" 283
"../../../Engine/Plugins/Animation/ControlRig/Content/Controls/ControlRig_Arrow_solid.uexp" 284
"../../../Engine/Plugins/Animation/ControlRig/Content/Controls/ControlRig_Arrow_3mm.uasset" 285
"../../../Engine/Plugins/Animation/ControlRig/Content/Controls/ControlRig_Arrow_3mm.uexp" 286
"../../../Engine/Plugins/Animation/ControlRig/Content/Controls/ControlRig_Arrow_1mm.uasset" 287
"../../../Engine/Plugins/Animation/ControlRig/Content/Controls/ControlRig_Arrow_1mm.uexp" 288
"../../../Engine/Plugins/Animation/ControlRig/Content/Controls/ControlRig_Arrow4_solid.uasset" 289
"../../../Engine/Plugins/Animation/ControlRig/Content/Controls/ControlRig_Arrow4_solid.uexp" 290
"../../../Engine/Plugins/Animation/ControlRig/Content/Controls/ControlRig_Arrow4_3mm.uasset" 291
"../../../Engine/Plugins/Animation/ControlRig/Content/Controls/ControlRig_Arrow4_3mm.uexp" 292
"../../../Engine/Plugins/Animation/ControlRig/Content/Controls/ControlRig_Arrow4_1mm.uasset" 293
"../../../Engine/Plugins/Animation/ControlRig/Content/Controls/ControlRig_Arrow4_1mm.uexp" 294
"../../../Engine/Plugins/Animation/ControlRig/Content/Controls/ControlRig_Arrow2_solid.uasset" 295
"../../../Engine/Plugins/Animation/ControlRig/Content/Controls/ControlRig_Arrow2_solid.uexp" 296
"../../../Engine/Plugins/Animation/ControlRig/Content/Controls/ControlRig_Arrow2_3mm.uasset" 297
"../../../Engine/Plugins/Animation/ControlRig/Content/Controls/ControlRig_Arrow2_3mm.uexp" 298
"../../../Engine/Plugins/Animation/ControlRig/Content/Controls/ControlRig_Arrow2_1mm.uasset" 299
"../../../Engine/Plugins/Animation/ControlRig/Content/Controls/ControlRig_Arrow2_1mm.uexp" 300
"../../../Engine/Plugins/Animation/ControlRig/Content/Controls/ControlRigXRayMaterial.uasset" 301
"../../../Engine/Plugins/Animation/ControlRig/Content/Controls/ControlRigXRayMaterial.uexp" 302
"../../../Engine/Plugins/Animation/ControlRig/Content/Controls/ControlRigGizmoMaterial.uasset" 303
"../../../Engine/Plugins/Animation/ControlRig/Content/Controls/ControlRigGizmoMaterial.uexp" 304
"../../../Engine/Content/EngineResources/WhiteSquareTexture.uasset" 305
"../../../Engine/Content/EngineResources/WhiteSquareTexture.uexp" 306
"../../../Engine/Content/EngineMaterials/Widget3DPassThrough.uasset" 307
"../../../Engine/Content/EngineMaterials/Widget3DPassThrough.uexp" 308
"../../../Engine/Content/EngineMaterials/Widget3DPassThrough_Translucent.uasset" 309
"../../../Engine/Content/EngineMaterials/Widget3DPassThrough_Translucent.uexp" 310
"../../../Engine/Content/EngineMaterials/Widget3DPassThrough_Translucent_OneSided.uasset" 311
"../../../Engine/Content/EngineMaterials/Widget3DPassThrough_Translucent_OneSided.uexp" 312
"../../../Engine/Content/EngineMaterials/Widget3DPassThrough_Opaque.uasset" 313
"../../../Engine/Content/EngineMaterials/Widget3DPassThrough_Opaque.uexp" 314
"../../../Engine/Content/EngineMaterials/Widget3DPassThrough_Opaque_OneSided.uasset" 315
"../../../Engine/Content/EngineMaterials/Widget3DPassThrough_Opaque_OneSided.uexp" 316
"../../../Engine/Content/EngineMaterials/Widget3DPassThrough_Masked_OneSided.uasset" 317
"../../../Engine/Content/EngineMaterials/Widget3DPassThrough_Masked_OneSided.uexp" 318
"../../../Engine/Content/EngineMaterials/Widget3DPassThrough_Masked.uasset" 319
"../../../Engine/Content/EngineMaterials/Widget3DPassThrough_Masked.uexp" 320
"../../../Engine/Content/EngineMaterials/STBlueNoise_vec2_128x128x64.uasset" 321
"../../../Engine/Content/EngineMaterials/STBlueNoise_vec2_128x128x64.uexp" 322
"../../../Engine/Content/EngineMaterials/STBlueNoise_scalar_128x128x64.uasset" 323
"../../../Engine/Content/EngineMaterials/STBlueNoise_scalar_128x128x64.uexp" 324
"../../../Engine/Content/EngineMaterials/RemoveSurfaceMaterial.uasset" 325
"../../../Engine/Content/EngineMaterials/RemoveSurfaceMaterial.uexp" 326
"../../../Engine/Content/EngineMaterials/DefaultCalibrationGrayscale.uasset" 327
"../../../Engine/Content/EngineMaterials/DefaultCalibrationGrayscale.uexp" 328
"../../../Engine/Content/EngineMaterials/PPM_DefaultCalibrationGrayscale.uasset" 329
"../../../Engine/Content/EngineMaterials/PPM_DefaultCalibrationGrayscale.uexp" 330
"../../../Engine/Content/EngineMaterials/DefaultCalibrationColor.uasset" 331
"../../../Engine/Content/EngineMaterials/DefaultCalibrationColor.uexp" 332
"../../../Engine/Content/EngineMaterials/PPM_DefaultCalibrationColor.uasset" 333
"../../../Engine/Content/EngineMaterials/PPM_DefaultCalibrationColor.uexp" 334
"../../../Engine/Content/EngineMaterials/PhAT_JointLimitMaterial.uasset" 335
"../../../Engine/Content/EngineMaterials/PhAT_JointLimitMaterial.uexp" 336
"../../../Engine/Content/EngineMaterials/NaniteHiddenSectionMaterial.uasset" 337
"../../../Engine/Content/EngineMaterials/NaniteHiddenSectionMaterial.uexp" 338
"../../../Engine/Content/EngineMaterials/InvalidLightmapSettings.ubulk" 339
"../../../Engine/Content/EngineMaterials/InvalidLightmapSettings.uasset" 340
"../../../Engine/Content/EngineMaterials/InvalidLightmapSettings.uexp" 341
"../../../Engine/Content/EngineMaterials/M_InvalidLightmapSettings.uasset" 342
"../../../Engine/Content/EngineMaterials/M_InvalidLightmapSettings.uexp" 343
"../../../Engine/Content/EngineMaterials/GizmoMaterial.uasset" 344
"../../../Engine/Content/EngineMaterials/GizmoMaterial.uexp" 345
"../../../Engine/Content/EngineMaterials/BaseFlattenEmissiveMap_VT.uasset" 346
"../../../Engine/Content/EngineMaterials/BaseFlattenEmissiveMap_VT.uexp" 347
"../../../Engine/Content/EngineMaterials/BaseFlattenGrayscaleMap_VT.uasset" 348
"../../../Engine/Content/EngineMaterials/BaseFlattenGrayscaleMap_VT.uexp" 349
"../../../Engine/Content/EngineMaterials/BaseFlattenLinearColor_VT.uasset" 350
"../../../Engine/Content/EngineMaterials/BaseFlattenLinearColor_VT.uexp" 351
"../../../Engine/Content/EngineMaterials/Black_1x1_EXR_Texture_VT.uasset" 352
"../../../Engine/Content/EngineMaterials/Black_1x1_EXR_Texture_VT.uexp" 353
"../../../Engine/Content/EngineMaterials/BaseFlattenDiffuseMap_VT.uasset" 354
"../../../Engine/Content/EngineMaterials/BaseFlattenDiffuseMap_VT.uexp" 355
"../../../Engine/Content/EngineMaterials/BaseFlattenNormalMap_VT.uasset" 356
"../../../Engine/Content/EngineMaterials/BaseFlattenNormalMap_VT.uexp" 357
"../../../Engine/Content/EngineMaterials/FlattenMaterial_WS_Normal_VT.uasset" 358
"../../../Engine/Content/EngineMaterials/FlattenMaterial_WS_Normal_VT.uexp" 359
"../../../Engine/Content/EngineMaterials/FlattenMaterial_VT.uasset" 360
"../../../Engine/Content/EngineMaterials/FlattenMaterial_VT.uexp" 361
"../../../Engine/Content/EngineMaterials/BaseFlattenNormalMap.uasset" 362
"../../../Engine/Content/EngineMaterials/BaseFlattenNormalMap.uexp" 363
"../../../Engine/Content/EngineMaterials/BaseFlattenGrayscaleMap.uasset" 364
"../../../Engine/Content/EngineMaterials/BaseFlattenGrayscaleMap.uexp" 365
"../../../Engine/Content/EngineMaterials/BaseFlattenDiffuseMap.uasset" 366
"../../../Engine/Content/EngineMaterials/BaseFlattenDiffuseMap.uexp" 367
"../../../Engine/Content/Functions/Engine_MaterialFunctions02/PivotPainter2/Black_1x1_EXR_Texture.uasset" 368
"../../../Engine/Content/Functions/Engine_MaterialFunctions02/PivotPainter2/Black_1x1_EXR_Texture.uexp" 369
"../../../Engine/Content/EngineMaterials/BaseFlattenEmissiveMap.uasset" 370
"../../../Engine/Content/EngineMaterials/BaseFlattenEmissiveMap.uexp" 371
"../../../Engine/Content/EngineMaterials/BaseFlattenLinearColor.uasset" 372
"../../../Engine/Content/EngineMaterials/BaseFlattenLinearColor.uexp" 373
"../../../Engine/Content/EngineMaterials/FlattenMaterial.uasset" 374
"../../../Engine/Content/EngineMaterials/FlattenMaterial.uexp" 375
"../../../Engine/Content/EngineMaterials/DefaultWhiteGrid_Low.uasset" 376
"../../../Engine/Content/EngineMaterials/DefaultWhiteGrid_Low.uexp" 377
"../../../Engine/Content/EngineMaterials/EmissiveMeshMaterial.uasset" 378
"../../../Engine/Content/EngineMaterials/EmissiveMeshMaterial.uexp" 379
"../../../Engine/Content/EngineFonts/RobotoDistanceField.uasset" 380
"../../../Engine/Content/EngineFonts/RobotoDistanceField.uexp" 381
"../../../Engine/Content/EngineMaterials/DefaultTextMaterialOpaque.uasset" 382
"../../../Engine/Content/EngineMaterials/DefaultTextMaterialOpaque.uexp" 383
"../../../Engine/Content/EngineMaterials/DefaultDiffuse.ubulk" 384
"../../../Engine/Content/EngineMaterials/DefaultDiffuse.uasset" 385
"../../../Engine/Content/EngineMaterials/DefaultDiffuse.uexp" 386
"../../../Engine/Content/Functions/Engine_MaterialFunctions02/Utility/BreakOutFloat2Components.uasset" 387
"../../../Engine/Content/Functions/Engine_MaterialFunctions02/Utility/BreakOutFloat2Components.uexp" 388
"../../../Engine/Content/EngineMaterials/DefaultPostProcessMaterial.uasset" 389
"../../../Engine/Content/EngineMaterials/DefaultPostProcessMaterial.uexp" 390
"../../../Engine/Content/EngineMaterials/DefaultPhysicalMaterial.uasset" 391
"../../../Engine/Content/EngineMaterials/DefaultPhysicalMaterial.uexp" 392
"../../../Engine/Content/EngineMaterials/DefaultLightFunctionMaterial.uasset" 393
"../../../Engine/Content/EngineMaterials/DefaultLightFunctionMaterial.uexp" 394
"../../../Engine/Content/EngineMaterials/DefaultDestructiblePhysicalMaterial.uasset" 395
"../../../Engine/Content/EngineMaterials/DefaultDestructiblePhysicalMaterial.uexp" 396
"../../../Engine/Content/EngineMaterials/DefaultDeferredDecalMaterial.uasset" 397
"../../../Engine/Content/EngineMaterials/DefaultDeferredDecalMaterial.uexp" 398
"../../../Engine/Content/EngineMaterials/DefaultBloomKernel.uasset" 399
"../../../Engine/Content/EngineMaterials/DefaultBloomKernel.uexp" 400
"../../../Engine/Content/EngineFonts/Faces/RobotoLight.uexp" 401
"../../../Engine/Content/EngineFonts/Faces/RobotoLight.uasset" 402
"../../../Engine/Content/EngineFonts/Faces/RobotoLight.ufont" 403
"../../../Engine/Content/EngineFonts/Faces/RobotoBold.uexp" 404
"../../../Engine/Content/EngineFonts/Faces/RobotoBold.uasset" 405
"../../../Engine/Content/EngineFonts/Faces/RobotoBold.ufont" 406
"../../../Engine/Content/EngineFonts/Faces/RobotoRegular.uexp" 407
"../../../Engine/Content/EngineFonts/Faces/RobotoRegular.uasset" 408
"../../../Engine/Content/EngineFonts/Faces/RobotoRegular.ufont" 409
"../../../Engine/Content/EngineFonts/Faces/DroidSansFallback.uexp" 410
"../../../Engine/Content/EngineFonts/Faces/DroidSansFallback.uasset" 411
"../../../Engine/Content/EngineFonts/Faces/DroidSansFallback.ufont" 412
"../../../Engine/Content/EngineFonts/Faces/RobotoItalic.uexp" 413
"../../../Engine/Content/EngineFonts/Faces/RobotoItalic.uasset" 414
"../../../Engine/Content/EngineFonts/Faces/RobotoItalic.ufont" 415
"../../../Engine/Content/EngineFonts/Faces/RobotoBoldItalic.uexp" 416
"../../../Engine/Content/EngineFonts/Faces/RobotoBoldItalic.uasset" 417
"../../../Engine/Content/EngineFonts/Faces/RobotoBoldItalic.ufont" 418
"../../../Engine/Content/EngineFonts/Roboto.uasset" 419
"../../../Engine/Content/EngineFonts/Roboto.uexp" 420
"../../../Engine/Content/Functions/Engine_MaterialFunctions02/Utility/CameraDirectionVector.uasset" 421
"../../../Engine/Content/Functions/Engine_MaterialFunctions02/Utility/CameraDirectionVector.uexp" 422
"../../../Engine/Content/EngineDebugMaterials/VolumeToRender.uasset" 423
"../../../Engine/Content/EngineDebugMaterials/VolumeToRender.uexp" 424
"../../../Engine/Content/EngineDebugMaterials/M_VolumeRenderSphereTracePP.uasset" 425
"../../../Engine/Content/EngineDebugMaterials/M_VolumeRenderSphereTracePP.uexp" 426
"../../../Engine/Content/EngineDebugMaterials/M_SimpleUnlitTranslucent.uasset" 427
"../../../Engine/Content/EngineDebugMaterials/M_SimpleUnlitTranslucent.uexp" 428
"../../../Engine/Content/EngineDebugMaterials/DebugMeshMaterial.uasset" 429
"../../../Engine/Content/EngineDebugMaterials/DebugMeshMaterial.uexp" 430
"../../../Engine/Content/EngineDebugMaterials/DebugEditorMaterial.uasset" 431
"../../../Engine/Content/EngineDebugMaterials/DebugEditorMaterial.uexp" 432
"../../../Engine/Content/EngineDamageTypes/DmgTypeBP_Environmental.uasset" 433
"../../../Engine/Content/EngineDamageTypes/DmgTypeBP_Environmental.uexp" 434
"../../../Engine/Content/EditorMaterials/PreviewShadowIndicator.ubulk" 435
"../../../Engine/Content/EditorMaterials/PreviewShadowIndicator.uasset" 436
"../../../Engine/Content/EditorMaterials/PreviewShadowIndicator.uexp" 437
"../../../Engine/Content/EditorMaterials/PreviewShadowIndicatorMaterial.uasset" 438
"../../../Engine/Content/EditorMaterials/PreviewShadowIndicatorMaterial.uexp" 439
"../../../Engine/Content/EditorMaterials/PhAT_UnselectedMaterial.uasset" 440
"../../../Engine/Content/EditorMaterials/PhAT_UnselectedMaterial.uexp" 441
"../../../Engine/Content/EditorMaterials/PhAT_NoCollisionMaterial.uasset" 442
"../../../Engine/Content/EditorMaterials/PhAT_NoCollisionMaterial.uexp" 443
"../../../Engine/Content/EditorLandscapeResources/DefaultAlphaTexture.uasset" 444
"../../../Engine/Content/EditorLandscapeResources/DefaultAlphaTexture.uexp" 445
"../../../Engine/Content/EditorLandscapeResources/DataLayer.uasset" 446
"../../../Engine/Content/EditorLandscapeResources/DataLayer.uexp" 447
"../../../Engine/Content/BasicShapes/Cube.uasset" 448
"../../../Engine/Content/BasicShapes/Cube.uexp" 449
"../../../Engine/Content/BasicShapes/BasicShapeMaterial.uasset" 450
"../../../Engine/Content/BasicShapes/BasicShapeMaterial.uexp" 451
"D:/Projects/ChimeraProject 5.2/Content/Materials/BlackMI.uasset" 452
"D:/Projects/ChimeraProject 5.2/Content/Materials/BlackMI.uexp" 453
"D:/Projects/ChimeraProject 5.2/Content/Materials/Trans.uasset" 454
"D:/Projects/ChimeraProject 5.2/Content/Materials/Trans.uexp" 455
"D:/Projects/ChimeraProject 5.2/Content/Blueprints/Main/Compound.uasset" 456
"D:/Projects/ChimeraProject 5.2/Content/Blueprints/Main/Compound.uexp" 457
"../../../Engine/Content/Functions/Engine_MaterialFunctions01/Gradient/BoxMask-3D.uasset" 458
"../../../Engine/Content/Functions/Engine_MaterialFunctions01/Gradient/BoxMask-3D.uexp" 459
"D:/Projects/ChimeraProject 5.2/Content/Materials/LiqidMat.uasset" 460
"D:/Projects/ChimeraProject 5.2/Content/Materials/LiqidMat.uexp" 461
"D:/Projects/ChimeraProject 5.2/Content/Materials/LiqidMat_Inst.uasset" 462
"D:/Projects/ChimeraProject 5.2/Content/Materials/LiqidMat_Inst.uexp" 463
"D:/Projects/ChimeraProject 5.2/Content/Meshes/Spoon/Spoon.uasset" 464
"D:/Projects/ChimeraProject 5.2/Content/Meshes/Spoon/Spoon.uexp" 465
"D:/Projects/ChimeraProject 5.2/Content/Materials/PowderMat.uasset" 466
"D:/Projects/ChimeraProject 5.2/Content/Materials/PowderMat.uexp" 467
"D:/Projects/ChimeraProject 5.2/Content/Materials/PowderMat_Inst.uasset" 468
"D:/Projects/ChimeraProject 5.2/Content/Materials/PowderMat_Inst.uexp" 469
"../../../Engine/Plugins/FX/Niagara/Content/Enums/ENiagaraSphereDistributionMode.uasset" 470
"../../../Engine/Plugins/FX/Niagara/Content/Enums/ENiagaraSphereDistributionMode.uexp" 471
"../../../Engine/Plugins/FX/Niagara/Content/Enums/ENiagaraRandomnessMode.uasset" 472
"../../../Engine/Plugins/FX/Niagara/Content/Enums/ENiagaraRandomnessMode.uexp" 473
"../../../Engine/Plugins/FX/Niagara/Content/Enums/ENiagaraTorusDistributionMode.uasset" 474
"../../../Engine/Plugins/FX/Niagara/Content/Enums/ENiagaraTorusDistributionMode.uexp" 475
"../../../Engine/Plugins/FX/Niagara/Content/Enums/ENiagaraRandomnessEvaluation.uasset" 476
"../../../Engine/Plugins/FX/Niagara/Content/Enums/ENiagaraRandomnessEvaluation.uexp" 477
"../../../Engine/Plugins/FX/Niagara/Content/Enums/Location/ENiagara_LocationShapes.uasset" 478
"../../../Engine/Plugins/FX/Niagara/Content/Enums/Location/ENiagara_LocationShapes.uexp" 479
"../../../Engine/Plugins/FX/Niagara/Content/Enums/ENiagara_MassInitializationMode.uasset" 480
"../../../Engine/Plugins/FX/Niagara/Content/Enums/ENiagara_MassInitializationMode.uexp" 481
"../../../Engine/Plugins/FX/Niagara/Content/Enums/Location/ENiagara_CylinderMode.uasset" 482
"../../../Engine/Plugins/FX/Niagara/Content/Enums/Location/ENiagara_CylinderMode.uexp" 483
"../../../Engine/Plugins/FX/Niagara/Content/Enums/ENiagaraKillVolumeOptions.uasset" 484
"../../../Engine/Plugins/FX/Niagara/Content/Enums/ENiagaraKillVolumeOptions.uexp" 485
"../../../Engine/Plugins/FX/Niagara/Content/Enums/ENiagara_PositionInitializationMode.uasset" 486
"../../../Engine/Plugins/FX/Niagara/Content/Enums/ENiagara_PositionInitializationMode.uexp" 487
"../../../Engine/Plugins/FX/Niagara/Content/Icons/Modules/T_Icon_Solver_LimitSpeed.uasset" 488
"../../../Engine/Plugins/FX/Niagara/Content/Icons/Modules/T_Icon_Solver_LimitSpeed.uexp" 489
"../../../Engine/Plugins/FX/Niagara/Content/Icons/Modules/T_Icon_Solver_RotationalSolve.uasset" 490
"../../../Engine/Plugins/FX/Niagara/Content/Icons/Modules/T_Icon_Solver_RotationalSolve.uexp" 491
"../../../Engine/Plugins/FX/Niagara/Content/Icons/Modules/T_Icon_Solver_LimitAccel.uasset" 492
"../../../Engine/Plugins/FX/Niagara/Content/Icons/Modules/T_Icon_Solver_LimitAccel.uexp" 493
"../../../Engine/Plugins/FX/Niagara/Content/Enums/ENiagaraScaleColorMode.uasset" 494
"../../../Engine/Plugins/FX/Niagara/Content/Enums/ENiagaraScaleColorMode.uexp" 495
"../../../Engine/Plugins/FX/Niagara/Content/Enums/ENiagara_SizeScaleMode.uasset" 496
"../../../Engine/Plugins/FX/Niagara/Content/Enums/ENiagara_SizeScaleMode.uexp" 497
"../../../Engine/Plugins/FX/Niagara/Content/Enums/ENiagara_UVFlippingMode.uasset" 498
"../../../Engine/Plugins/FX/Niagara/Content/Enums/ENiagara_UVFlippingMode.uexp" 499
"../../../Engine/Plugins/FX/Niagara/Content/Enums/Ribbons/ENiagara_UnsetDirectSetRandom.uasset" 500
"../../../Engine/Plugins/FX/Niagara/Content/Enums/Ribbons/ENiagara_UnsetDirectSetRandom.uexp" 501
"../../../Engine/Plugins/FX/Niagara/Content/Enums/ENiagara_LifetimeMode.uasset" 502
"../../../Engine/Plugins/FX/Niagara/Content/Enums/ENiagara_LifetimeMode.uexp" 503
"../../../Engine/Plugins/FX/Niagara/Content/Enums/Ribbons/ENiagara_UnsetDirectSet.uasset" 504
"../../../Engine/Plugins/FX/Niagara/Content/Enums/Ribbons/ENiagara_UnsetDirectSet.uexp" 505
"../../../Engine/Plugins/FX/Niagara/Content/Enums/ENiagara_SpriteRotationMode.uasset" 506
"../../../Engine/Plugins/FX/Niagara/Content/Enums/ENiagara_SpriteRotationMode.uexp" 507
"../../../Engine/Plugins/FX/Niagara/Content/Enums/ENiagara_ColorInitializationMode.uasset" 508
"../../../Engine/Plugins/FX/Niagara/Content/Enums/ENiagara_ColorInitializationMode.uexp" 509
"../../../Engine/Plugins/FX/Niagara/Content/Enums/ENiagaraChannelCorrelation.uasset" 510
"../../../Engine/Plugins/FX/Niagara/Content/Enums/ENiagaraChannelCorrelation.uexp" 511
"../../../Engine/Plugins/FX/Niagara/Content/Enums/Transforms/ENiagara_ScaleMode.uasset" 512
"../../../Engine/Plugins/FX/Niagara/Content/Enums/Transforms/ENiagara_ScaleMode.uexp" 513
"../../../Engine/Plugins/FX/Niagara/Content/Enums/Angles/ENiagara_AngleInput.uasset" 514
"../../../Engine/Plugins/FX/Niagara/Content/Enums/Angles/ENiagara_AngleInput.uexp" 515
"../../../Engine/Plugins/FX/Niagara/Content/Enums/Utility/ENiagara_VelocityMode.uasset" 516
"../../../Engine/Plugins/FX/Niagara/Content/Enums/Utility/ENiagara_VelocityMode.uexp" 517
"../../../Engine/Plugins/FX/Niagara/Content/Enums/Transforms/ENiagara_RotationMode.uasset" 518
"../../../Engine/Plugins/FX/Niagara/Content/Enums/Transforms/ENiagara_RotationMode.uexp" 519
"../../../Engine/Plugins/FX/Niagara/Content/Enums/ENiagaraEmitterLifeCycleMode.uasset" 520
"../../../Engine/Plugins/FX/Niagara/Content/Enums/ENiagaraEmitterLifeCycleMode.uexp" 521
"../../../Engine/Plugins/FX/Niagara/Content/Enums/ENiagara_InfiniteLoopDuration.uasset" 522
"../../../Engine/Plugins/FX/Niagara/Content/Enums/ENiagara_InfiniteLoopDuration.uexp" 523
"../../../Engine/Plugins/FX/Niagara/Content/Enums/ENiagara_EmitterStateOptions.uasset" 524
"../../../Engine/Plugins/FX/Niagara/Content/Enums/ENiagara_EmitterStateOptions.uexp" 525
"../../../Engine/Plugins/FX/Niagara/Content/Enums/ENiagaraInactiveMode.uasset" 526
"../../../Engine/Plugins/FX/Niagara/Content/Enums/ENiagaraInactiveMode.uexp" 527
"../../../Engine/Plugins/FX/Niagara/Content/Enums/ENiagaraExecutionStateManagement.uasset" 528
"../../../Engine/Plugins/FX/Niagara/Content/Enums/ENiagaraExecutionStateManagement.uexp" 529
"../../../Engine/Plugins/FX/Niagara/Content/Enums/ENiagaraEmitterScalabilityMode_Limited.uasset" 530
"../../../Engine/Plugins/FX/Niagara/Content/Enums/ENiagaraEmitterScalabilityMode_Limited.uexp" 531
"../../../Engine/Plugins/FX/Niagara/Content/Enums/Location/ENiagara_ConeMode.uasset" 532
"../../../Engine/Plugins/FX/Niagara/Content/Enums/Location/ENiagara_ConeMode.uexp" 533
"../../../Engine/Plugins/FX/Niagara/Content/Enums/ENiagaraSystemInactiveMode.uasset" 534
"../../../Engine/Plugins/FX/Niagara/Content/Enums/ENiagaraSystemInactiveMode.uexp" 535
"../../../Engine/Plugins/FX/Niagara/Content/Enums/ENiagara_AttributeSamplingApplyOutput.uasset" 536
"../../../Engine/Plugins/FX/Niagara/Content/Enums/ENiagara_AttributeSamplingApplyOutput.uexp" 537
"../../../Engine/Plugins/FX/Niagara/Content/Enums/Transforms/ENiagara_OffsetMode.uasset" 538
"../../../Engine/Plugins/FX/Niagara/Content/Enums/Transforms/ENiagara_OffsetMode.uexp" 539
"../../../Engine/Plugins/FX/Niagara/Content/Enums/Location/ENiagara_BoxPlaneMode.uasset" 540
"../../../Engine/Plugins/FX/Niagara/Content/Enums/Location/ENiagara_BoxPlaneMode.uexp" 541
"D:/Projects/ChimeraProject 5.2/Content/Materials/GrainParticle.uasset" 542
"D:/Projects/ChimeraProject 5.2/Content/Materials/GrainParticle.uexp" 543
"../../../Engine/Plugins/FX/Niagara/Content/Enums/Transforms/ENiagara_TransformOrder.uasset" 544
"../../../Engine/Plugins/FX/Niagara/Content/Enums/Transforms/ENiagara_TransformOrder.uexp" 545
"../../../Engine/Plugins/FX/Niagara/Content/Enums/Location/ENiagaraRingDiscMode.uasset" 546
"../../../Engine/Plugins/FX/Niagara/Content/Enums/Location/ENiagaraRingDiscMode.uexp" 547
"../../../Engine/Plugins/FX/Niagara/Content/Enums/ENiagaraShapeTorusMode.uasset" 548
"../../../Engine/Plugins/FX/Niagara/Content/Enums/ENiagaraShapeTorusMode.uexp" 549
"../../../Engine/Plugins/FX/Niagara/Content/Enums/ENiagaraExpansionMode.uasset" 550
"../../../Engine/Plugins/FX/Niagara/Content/Enums/ENiagaraExpansionMode.uexp" 551
"../../../Engine/Plugins/FX/Niagara/Content/Enums/Transforms/ENiagara_TransformType.uasset" 552
"../../../Engine/Plugins/FX/Niagara/Content/Enums/Transforms/ENiagara_TransformType.uexp" 553
"../../../Engine/Plugins/FX/Niagara/Content/Icons/Modules/T_Icon_Particle_InfiniteLife.uasset" 554
"../../../Engine/Plugins/FX/Niagara/Content/Icons/Modules/T_Icon_Particle_InfiniteLife.uexp" 555
"D:/Projects/ChimeraProject 5.2/Content/VFX/Grain.uasset" 556
"D:/Projects/ChimeraProject 5.2/Content/VFX/Grain.uexp" 557
"../../../Engine/Content/EditorBlueprintResources/StandardMacros.uasset" 558
"../../../Engine/Content/EditorBlueprintResources/StandardMacros.uexp" 559
"D:/Projects/ChimeraProject 5.2/Content/Blueprints/Main/CompundLib.uasset" 560
"D:/Projects/ChimeraProject 5.2/Content/Blueprints/Main/CompundLib.uexp" 561
"D:/Projects/ChimeraProject 5.2/Content/Meshes/Inners/Probe_Inner.uasset" 562
"D:/Projects/ChimeraProject 5.2/Content/Meshes/Inners/Probe_Inner.uexp" 563
"../../../Engine/Plugins/FX/Niagara/Content/DefaultAssets/DefaultSpriteMaterial.uasset" 564
"../../../Engine/Plugins/FX/Niagara/Content/DefaultAssets/DefaultSpriteMaterial.uexp" 565
"D:/Projects/ChimeraProject 5.2/Content/VFX/Liquid.uasset" 566
"D:/Projects/ChimeraProject 5.2/Content/VFX/Liquid.uexp" 567
"../../../Engine/Plugins/FX/Niagara/Content/Enums/SpriteRenderer/ENiagara_ScaleSpriteSize.uasset" 568
"../../../Engine/Plugins/FX/Niagara/Content/Enums/SpriteRenderer/ENiagara_ScaleSpriteSize.uexp" 569
"../../../Engine/Plugins/FX/Niagara/Content/Enums/ENiagara_SubUVLookupModeV2.uasset" 570
"../../../Engine/Plugins/FX/Niagara/Content/Enums/ENiagara_SubUVLookupModeV2.uexp" 571
"D:/Projects/ChimeraProject 5.2/Content/StarterContent/Textures/T_Fire_Tiled_D.ubulk" 572
"D:/Projects/ChimeraProject 5.2/Content/StarterContent/Textures/T_Fire_Tiled_D.uasset" 573
"D:/Projects/ChimeraProject 5.2/Content/StarterContent/Textures/T_Fire_Tiled_D.uexp" 574
"D:/Projects/ChimeraProject 5.2/Content/StarterContent/Textures/T_Fire_SubUV.ubulk" 575
"D:/Projects/ChimeraProject 5.2/Content/StarterContent/Textures/T_Fire_SubUV.uasset" 576
"D:/Projects/ChimeraProject 5.2/Content/StarterContent/Textures/T_Fire_SubUV.uexp" 577
"D:/Projects/ChimeraProject 5.2/Content/StarterContent/Particles/Materials/M_Fire_SubUV.uasset" 578
"D:/Projects/ChimeraProject 5.2/Content/StarterContent/Particles/Materials/M_Fire_SubUV.uexp" 579
"../../../Engine/Plugins/FX/Niagara/Content/VectorFields/Assets/TilingCurl32.uasset" 580
"../../../Engine/Plugins/FX/Niagara/Content/VectorFields/Assets/TilingCurl32.uexp" 581
"../../../Engine/Plugins/FX/Niagara/Content/Enums/ENiagaraCurlNoiseQuality.uasset" 582
"../../../Engine/Plugins/FX/Niagara/Content/Enums/ENiagaraCurlNoiseQuality.uexp" 583
"../../../Engine/Plugins/FX/Niagara/Content/VectorFields/Assets/TilingCurl64.uasset" 584
"../../../Engine/Plugins/FX/Niagara/Content/VectorFields/Assets/TilingCurl64.uexp" 585
"../../../Engine/Plugins/FX/Niagara/Content/Enums/ENiagaraVector4_Channels.uasset" 586
"../../../Engine/Plugins/FX/Niagara/Content/Enums/ENiagaraVector4_Channels.uexp" 587
"../../../Engine/Plugins/FX/Niagara/Content/VectorFields/Assets/TilingCurl16.uasset" 588
"../../../Engine/Plugins/FX/Niagara/Content/VectorFields/Assets/TilingCurl16.uexp" 589
"../../../Engine/Plugins/FX/Niagara/Content/Enums/SpriteRenderer/ENiagara_FPSPlayrate.uasset" 590
"../../../Engine/Plugins/FX/Niagara/Content/Enums/SpriteRenderer/ENiagara_FPSPlayrate.uexp" 591
"../../../Engine/Plugins/FX/Niagara/Content/Enums/ENiagaraMeshOrSprite.uasset" 592
"../../../Engine/Plugins/FX/Niagara/Content/Enums/ENiagaraMeshOrSprite.uexp" 593
"../../../Engine/Plugins/FX/Niagara/Content/Enums/ENiagara_WrapClamp.uasset" 594
"../../../Engine/Plugins/FX/Niagara/Content/Enums/ENiagara_WrapClamp.uexp" 595
"../../../Engine/Plugins/FX/Niagara/Content/Enums/SpriteRenderer/ENiagara_AutomaticManual.uasset" 596
"../../../Engine/Plugins/FX/Niagara/Content/Enums/SpriteRenderer/ENiagara_AutomaticManual.uexp" 597
"../../../Engine/Plugins/FX/Niagara/Content/Enums/ENiagara_SubUVLookupMode.uasset" 598
"../../../Engine/Plugins/FX/Niagara/Content/Enums/ENiagara_SubUVLookupMode.uexp" 599
"D:/Projects/ChimeraProject 5.2/Content/VFX/Fire.uasset" 600
"D:/Projects/ChimeraProject 5.2/Content/VFX/Fire.uexp" 601
"../../../Engine/Content/BasicShapes/Cylinder.uasset" 602
"../../../Engine/Content/BasicShapes/Cylinder.uexp" 603
"D:/Projects/ChimeraProject 5.2/Content/Blueprints/Level4/4_HeightLiquidMat.uasset" 604
"D:/Projects/ChimeraProject 5.2/Content/Blueprints/Level4/4_HeightLiquidMat.uexp" 605
"D:/Projects/ChimeraProject 5.2/Content/Blueprints/Level4/4_HeightLiquidMat_Inst.uasset" 606
"D:/Projects/ChimeraProject 5.2/Content/Blueprints/Level4/4_HeightLiquidMat_Inst.uexp" 607
"D:/Projects/ChimeraProject 5.2/Content/Materials/BaseTranslucentMaterial.uasset" 608
"D:/Projects/ChimeraProject 5.2/Content/Materials/BaseTranslucentMaterial.uexp" 609
"D:/Projects/ChimeraProject 5.2/Content/Materials/ProbeMI.uasset" 610
"D:/Projects/ChimeraProject 5.2/Content/Materials/ProbeMI.uexp" 611
"D:/Projects/ChimeraProject 5.2/Content/Meshes/Vessels/chglass.uasset" 612
"D:/Projects/ChimeraProject 5.2/Content/Meshes/Vessels/chglass.uexp" 613
"D:/Projects/ChimeraProject 5.2/Content/Meshes/Inners/chglass_inner.uasset" 614
"D:/Projects/ChimeraProject 5.2/Content/Meshes/Inners/chglass_inner.uexp" 615
"D:/Projects/ChimeraProject 5.2/Content/Blueprints/Main/ChemGlass.uasset" 616
"D:/Projects/ChimeraProject 5.2/Content/Blueprints/Main/ChemGlass.uexp" 617
"../../../Engine/Content/Functions/Engine_MaterialFunctions01/Density/ExponentialDensity.uasset" 618
"../../../Engine/Content/Functions/Engine_MaterialFunctions01/Density/ExponentialDensity.uexp" 619
"../../../Engine/Content/Functions/Engine_MaterialFunctions01/Gradient/RadialGradientExponential.uasset" 620
"../../../Engine/Content/Functions/Engine_MaterialFunctions01/Gradient/RadialGradientExponential.uexp" 621
"D:/Projects/ChimeraProject 5.2/Content/Blueprints/Level3/3_BMat.uasset" 622
"D:/Projects/ChimeraProject 5.2/Content/Blueprints/Level3/3_BMat.uexp" 623
"D:/Projects/ChimeraProject 5.2/Content/Blueprints/Level3/3_Bubbles.uasset" 624
"D:/Projects/ChimeraProject 5.2/Content/Blueprints/Level3/3_Bubbles.uexp" 625
"D:/Projects/ChimeraProject 5.2/Content/Blueprints/Level4/4_CuOBP.uasset" 626
"D:/Projects/ChimeraProject 5.2/Content/Blueprints/Level4/4_CuOBP.uexp" 627
"D:/Projects/ChimeraProject 5.2/Content/Meshes/Etanol_Fire/Ethanol_Fire_Inner.uasset" 628
"D:/Projects/ChimeraProject 5.2/Content/Meshes/Etanol_Fire/Ethanol_Fire_Inner.uexp" 629
"D:/Projects/ChimeraProject 5.2/Content/Meshes/Etanol_Fire/Ethanol_Fire_Table.uasset" 630
"D:/Projects/ChimeraProject 5.2/Content/Meshes/Etanol_Fire/Ethanol_Fire_Table.uexp" 631
"D:/Projects/ChimeraProject 5.2/Content/Meshes/Etanol_Fire/Ethanol_Fire_Flask.uasset" 632
"D:/Projects/ChimeraProject 5.2/Content/Meshes/Etanol_Fire/Ethanol_Fire_Flask.uexp" 633
"D:/Projects/ChimeraProject 5.2/Content/Texture/RopeTex.ubulk" 634
"D:/Projects/ChimeraProject 5.2/Content/Texture/RopeTex.uasset" 635
"D:/Projects/ChimeraProject 5.2/Content/Texture/RopeTex.uexp" 636
"D:/Projects/ChimeraProject 5.2/Content/Texture/RopeNorm.ubulk" 637
"D:/Projects/ChimeraProject 5.2/Content/Texture/RopeNorm.uasset" 638
"D:/Projects/ChimeraProject 5.2/Content/Texture/RopeNorm.uexp" 639
"D:/Projects/ChimeraProject 5.2/Content/Materials/RopeMat.uasset" 640
"D:/Projects/ChimeraProject 5.2/Content/Materials/RopeMat.uexp" 641
"D:/Projects/ChimeraProject 5.2/Content/Meshes/Etanol_Fire/Ethanol_Fire_Fitil.uasset" 642
"D:/Projects/ChimeraProject 5.2/Content/Meshes/Etanol_Fire/Ethanol_Fire_Fitil.uexp" 643
"D:/Projects/ChimeraProject 5.2/Content/Materials/EtanolMat.uasset" 644
"D:/Projects/ChimeraProject 5.2/Content/Materials/EtanolMat.uexp" 645
"D:/Projects/ChimeraProject 5.2/Content/Blueprints/Main/EtanolFire.uasset" 646
"D:/Projects/ChimeraProject 5.2/Content/Blueprints/Main/EtanolFire.uexp" 647
"D:/Projects/ChimeraProject 5.2/Content/Blueprints/Main/InteractionInterface.uasset" 648
"D:/Projects/ChimeraProject 5.2/Content/Blueprints/Main/InteractionInterface.uexp" 649
"D:/Projects/ChimeraProject 5.2/Content/Meshes/Vessels/Probe.uasset" 650
"D:/Projects/ChimeraProject 5.2/Content/Meshes/Vessels/Probe.uexp" 651
"D:/Projects/ChimeraProject 5.2/Content/Blueprints/Main/BaseInteractionActor.uasset" 652
"D:/Projects/ChimeraProject 5.2/Content/Blueprints/Main/BaseInteractionActor.uexp" 653
"D:/Projects/ChimeraProject 5.2/Content/Meshes/Inners/Bucket_Inner.uasset" 654
"D:/Projects/ChimeraProject 5.2/Content/Meshes/Inners/Bucket_Inner.uexp" 655
"D:/Projects/ChimeraProject 5.2/Content/Blueprints/Level3/3_ZnMI.uasset" 656
"D:/Projects/ChimeraProject 5.2/Content/Blueprints/Level3/3_ZnMI.uexp" 657
"D:/Projects/ChimeraProject 5.2/Content/Meshes/Vessels/Bucket_Bucket.uasset" 658
"D:/Projects/ChimeraProject 5.2/Content/Meshes/Vessels/Bucket_Bucket.uexp" 659
"D:/Projects/ChimeraProject 5.2/Content/Blueprints/Main/Bucket.uasset" 660
"D:/Projects/ChimeraProject 5.2/Content/Blueprints/Main/Bucket.uexp" 661
"D:/Projects/ChimeraProject 5.2/Content/Meshes/Spoon/Spoon_Inner.uasset" 662
"D:/Projects/ChimeraProject 5.2/Content/Meshes/Spoon/Spoon_Inner.uexp" 663
"D:/Projects/ChimeraProject 5.2/Content/Blueprints/Main/Spoon.uasset" 664
"D:/Projects/ChimeraProject 5.2/Content/Blueprints/Main/Spoon.uexp" 665
"D:/Projects/ChimeraProject 5.2/Content/Meshes/Indicator/Indicator_Flask.uasset" 666
"D:/Projects/ChimeraProject 5.2/Content/Meshes/Indicator/Indicator_Flask.uexp" 667
"D:/Projects/ChimeraProject 5.2/Content/Meshes/Indicator/Indicator_Flask_Inner.uasset" 668
"D:/Projects/ChimeraProject 5.2/Content/Meshes/Indicator/Indicator_Flask_Inner.uexp" 669
"D:/Projects/ChimeraProject 5.2/Content/Blueprints/Main/DropperBase.uasset" 670
"D:/Projects/ChimeraProject 5.2/Content/Blueprints/Main/DropperBase.uexp" 671
"D:/Projects/ChimeraProject 5.2/Content/Meshes/IndicatorSkeleton/IndicatorDropper_Physics.uasset" 672
"D:/Projects/ChimeraProject 5.2/Content/Meshes/IndicatorSkeleton/IndicatorDropper_Physics.uexp" 673
"D:/Projects/ChimeraProject 5.2/Content/Meshes/IndicatorSkeleton/IndicatorDropper_Skeleton.uasset" 674
"D:/Projects/ChimeraProject 5.2/Content/Meshes/IndicatorSkeleton/IndicatorDropper_Skeleton.uexp" 675
"D:/Projects/ChimeraProject 5.2/Content/Meshes/IndicatorSkeleton/IndicatorDropper.uasset" 676
"D:/Projects/ChimeraProject 5.2/Content/Meshes/IndicatorSkeleton/IndicatorDropper.uexp" 677
"D:/Projects/ChimeraProject 5.2/Content/Meshes/Indicator/Indicator_Dropper_Inner.uasset" 678
"D:/Projects/ChimeraProject 5.2/Content/Meshes/Indicator/Indicator_Dropper_Inner.uexp" 679
"D:/Projects/ChimeraProject 5.2/Content/Blueprints/Main/Dropper.uasset" 680
"D:/Projects/ChimeraProject 5.2/Content/Blueprints/Main/Dropper.uexp" 681
"D:/Projects/ChimeraProject 5.2/Content/Blueprints/Level2/Lighter.uasset" 682
"D:/Projects/ChimeraProject 5.2/Content/Blueprints/Level2/Lighter.uexp" 683
"D:/Projects/ChimeraProject 5.2/Content/VFX/Smallfire.uasset" 684
"D:/Projects/ChimeraProject 5.2/Content/VFX/Smallfire.uexp" 685
"D:/Projects/ChimeraProject 5.2/Content/Blueprints/Level2/2_HeightMat.uasset" 686
"D:/Projects/ChimeraProject 5.2/Content/Blueprints/Level2/2_HeightMat.uexp" 687
"D:/Projects/ChimeraProject 5.2/Content/Blueprints/Level2/2_HeightMat_Inst.uasset" 688
"D:/Projects/ChimeraProject 5.2/Content/Blueprints/Level2/2_HeightMat_Inst.uexp" 689
"D:/Projects/ChimeraProject 5.2/Content/StarterContent/Textures/T_Spark_Core.ubulk" 690
"D:/Projects/ChimeraProject 5.2/Content/StarterContent/Textures/T_Spark_Core.uasset" 691
"D:/Projects/ChimeraProject 5.2/Content/StarterContent/Textures/T_Spark_Core.uexp" 692
"D:/Projects/ChimeraProject 5.2/Content/StarterContent/Particles/Materials/M_Spark.uasset" 693
"D:/Projects/ChimeraProject 5.2/Content/StarterContent/Particles/Materials/M_Spark.uexp" 694
"D:/Projects/ChimeraProject 5.2/Content/Blueprints/Level2/2_Volcano.uasset" 695
"D:/Projects/ChimeraProject 5.2/Content/Blueprints/Level2/2_Volcano.uexp" 696
"../../../Engine/Plugins/FX/Niagara/Content/Enums/ENiagaraCollisionRadiusOptions.uasset" 697
"../../../Engine/Plugins/FX/Niagara/Content/Enums/ENiagaraCollisionRadiusOptions.uexp" 698
"../../../Engine/Plugins/FX/Niagara/Content/Enums/ENiagaraFrictionMergeType.uasset" 699
"../../../Engine/Plugins/FX/Niagara/Content/Enums/ENiagaraFrictionMergeType.uexp" 700
"../../../Engine/Plugins/FX/Niagara/Content/Enums/ENiagara_GPUCollisionType.uasset" 701
"../../../Engine/Plugins/FX/Niagara/Content/Enums/ENiagara_GPUCollisionType.uexp" 702
"../../../Engine/Plugins/FX/Niagara/Content/Enums/ENiagaraCalculateRadiusOptions.uasset" 703
"../../../Engine/Plugins/FX/Niagara/Content/Enums/ENiagaraCalculateRadiusOptions.uexp" 704
"../../../Engine/Plugins/FX/Niagara/Content/Enums/ENiagara_CPUCollisionType.uasset" 705
"../../../Engine/Plugins/FX/Niagara/Content/Enums/ENiagara_CPUCollisionType.uexp" 706
"../../../Engine/Plugins/FX/Niagara/Content/Enums/ENiagaraRestitutionMergeType.uasset" 707
"../../../Engine/Plugins/FX/Niagara/Content/Enums/ENiagaraRestitutionMergeType.uexp" 708
"../../../Engine/Plugins/FX/Niagara/Content/Enums/ENiagara_Float4Channel.uasset" 709
"../../../Engine/Plugins/FX/Niagara/Content/Enums/ENiagara_Float4Channel.uexp" 710
"D:/Projects/ChimeraProject 5.2/Content/Blueprints/Level2/2_Volcano_Dust.uasset" 711
"D:/Projects/ChimeraProject 5.2/Content/Blueprints/Level2/2_Volcano_Dust.uexp" 712
"D:/Projects/ChimeraProject 5.2/Content/Blueprints/Level2/2_Volcano_Bucket.uasset" 713
"D:/Projects/ChimeraProject 5.2/Content/Blueprints/Level2/2_Volcano_Bucket.uexp" 714
"D:/Projects/ChimeraProject 5.2/Content/Blueprints/Level2/2_Lighter.uasset" 715
"D:/Projects/ChimeraProject 5.2/Content/Blueprints/Level2/2_Lighter.uexp" 716
"D:/Projects/ChimeraProject 5.2/Content/Blueprints/Main/TouchController.uasset" 717
"D:/Projects/ChimeraProject 5.2/Content/Blueprints/Main/TouchController.uexp" 718
"D:/Projects/ChimeraProject 5.2/Content/Blueprints/Main/MainCH.uasset" 719
"D:/Projects/ChimeraProject 5.2/Content/Blueprints/Main/MainCH.uexp" 720
"D:/Projects/ChimeraProject 5.2/Content/Blueprints/Main/MainGM.uasset" 721
"D:/Projects/ChimeraProject 5.2/Content/Blueprints/Main/MainGM.uexp" 722
"../../../Engine/Content/EngineSky/VolumetricClouds/CloudWeatherTexture.uasset" 723
"../../../Engine/Content/EngineSky/VolumetricClouds/CloudWeatherTexture.uexp" 724
"../../../Engine/Content/Functions/Engine_MaterialFunctions02/Utility/MakeFloat2.uasset" 725
"../../../Engine/Content/Functions/Engine_MaterialFunctions02/Utility/MakeFloat2.uexp" 726
"../../../Engine/Content/EngineSky/VolumetricClouds/CloudGradientTexture.uasset" 727
"../../../Engine/Content/EngineSky/VolumetricClouds/CloudGradientTexture.uexp" 728
"../../../Engine/Content/EngineSky/VolumetricClouds/T_NoiseShape64.ubulk" 729
"../../../Engine/Content/EngineSky/VolumetricClouds/T_NoiseShape64.uasset" 730
"../../../Engine/Content/EngineSky/VolumetricClouds/T_NoiseShape64.uexp" 731
"../../../Engine/Content/EngineSky/VolumetricClouds/T_VolumeNoiseShape64.uasset" 732
"../../../Engine/Content/EngineSky/VolumetricClouds/T_VolumeNoiseShape64.uexp" 733
"../../../Engine/Content/EngineSky/VolumetricClouds/T_NoiseErosion.ubulk" 734
"../../../Engine/Content/EngineSky/VolumetricClouds/T_NoiseErosion.uasset" 735
"../../../Engine/Content/EngineSky/VolumetricClouds/T_NoiseErosion.uexp" 736
"../../../Engine/Content/EngineSky/VolumetricClouds/T_VolumeNoiseErosion32.uasset" 737
"../../../Engine/Content/EngineSky/VolumetricClouds/T_VolumeNoiseErosion32.uexp" 738
"../../../Engine/Content/EngineSky/VolumetricClouds/m_SimpleVolumetricCloud.uasset" 739
"../../../Engine/Content/EngineSky/VolumetricClouds/m_SimpleVolumetricCloud.uexp" 740
"../../../Engine/Content/EngineSky/VolumetricClouds/m_SimpleVolumetricCloud_Inst.uasset" 741
"../../../Engine/Content/EngineSky/VolumetricClouds/m_SimpleVolumetricCloud_Inst.uexp" 742
"../../../Engine/Content/EngineResources/FilmGrains/Marcie_Grain_v3_128_M2_000.uasset" 743
"../../../Engine/Content/EngineResources/FilmGrains/Marcie_Grain_v3_128_M2_000.uexp" 744
"../../../Engine/Content/EditorResources/SequenceRecorder/RecordingIndicator.uasset" 745
"../../../Engine/Content/EditorResources/SequenceRecorder/RecordingIndicator.uexp" 746
"../../../Engine/Content/EditorResources/SequenceRecorder/Countdown.uasset" 747
"../../../Engine/Content/EditorResources/SequenceRecorder/Countdown.uexp" 748
"../../../Engine/Content/Functions/Engine_MaterialFunctions01/Shading/PowerToRoughness.uasset" 749
"../../../Engine/Content/Functions/Engine_MaterialFunctions01/Shading/PowerToRoughness.uexp" 750
"../../../Engine/Content/Functions/Engine_MaterialFunctions01/Shading/ConvertFromDiffSpec.uasset" 751
"../../../Engine/Content/Functions/Engine_MaterialFunctions01/Shading/ConvertFromDiffSpec.uexp" 752
"../../../Engine/Content/Maps/Entry_BuiltData.uasset" 753
"../../../Engine/Content/Maps/Entry_BuiltData.uexp" 754
"../../../Engine/Content/Maps/Entry.uexp" 755
"../../../Engine/Content/Maps/Entry.umap" 756
"../../../Engine/Content/BasicShapes/Sphere.uasset" 757
"../../../Engine/Content/BasicShapes/Sphere.uexp" 758
"D:/Projects/ChimeraProject 5.2/Content/Materials/Material.uasset" 759
"D:/Projects/ChimeraProject 5.2/Content/Materials/Material.uexp" 760
"D:/Projects/ChimeraProject 5.2/Content/Meshes/Table.uasset" 761
"D:/Projects/ChimeraProject 5.2/Content/Meshes/Table.uexp" 762
"D:/Projects/ChimeraProject 5.2/Content/Blueprints/UI/Buttons/WideBtn_Hover.uasset" 763
"D:/Projects/ChimeraProject 5.2/Content/Blueprints/UI/Buttons/WideBtn_Hover.uexp" 764
"D:/Projects/ChimeraProject 5.2/Content/Blueprints/UI/Buttons/LvlButton_Hover.uasset" 765
"D:/Projects/ChimeraProject 5.2/Content/Blueprints/UI/Buttons/LvlButton_Hover.uexp" 766
"D:/Projects/ChimeraProject 5.2/Content/Blueprints/UI/Buttons/WideBtn_Press.uasset" 767
"D:/Projects/ChimeraProject 5.2/Content/Blueprints/UI/Buttons/WideBtn_Press.uexp" 768
"D:/Projects/ChimeraProject 5.2/Content/Blueprints/UI/Buttons/Button_Hover.uasset" 769
"D:/Projects/ChimeraProject 5.2/Content/Blueprints/UI/Buttons/Button_Hover.uexp" 770
"D:/Projects/ChimeraProject 5.2/Content/Blueprints/UI/Buttons/Button_Press.uasset" 771
"D:/Projects/ChimeraProject 5.2/Content/Blueprints/UI/Buttons/Button_Press.uexp" 772
"D:/Projects/ChimeraProject 5.2/Content/Blueprints/UI/Buttons/LvlButton.uasset" 773
"D:/Projects/ChimeraProject 5.2/Content/Blueprints/UI/Buttons/LvlButton.uexp" 774
"D:/Projects/ChimeraProject 5.2/Content/Blueprints/UI/Font/Oswald-ExtraLight.uexp" 775
"D:/Projects/ChimeraProject 5.2/Content/Blueprints/UI/Font/Oswald-ExtraLight.uasset" 776
"D:/Projects/ChimeraProject 5.2/Content/Blueprints/UI/Font/Oswald-ExtraLight.ufont" 777
"D:/Projects/ChimeraProject 5.2/Content/Blueprints/UI/Font/Oswald-Bold.uexp" 778
"D:/Projects/ChimeraProject 5.2/Content/Blueprints/UI/Font/Oswald-Bold.uasset" 779
"D:/Projects/ChimeraProject 5.2/Content/Blueprints/UI/Font/Oswald-Bold.ufont" 780
"D:/Projects/ChimeraProject 5.2/Content/Blueprints/UI/Font/Oswald-SemiBold.uexp" 781
"D:/Projects/ChimeraProject 5.2/Content/Blueprints/UI/Font/Oswald-SemiBold.uasset" 782
"D:/Projects/ChimeraProject 5.2/Content/Blueprints/UI/Font/Oswald-SemiBold.ufont" 783
"D:/Projects/ChimeraProject 5.2/Content/Blueprints/UI/Font/Oswald-Medium.uexp" 784
"D:/Projects/ChimeraProject 5.2/Content/Blueprints/UI/Font/Oswald-Medium.uasset" 785
"D:/Projects/ChimeraProject 5.2/Content/Blueprints/UI/Font/Oswald-Medium.ufont" 786
"D:/Projects/ChimeraProject 5.2/Content/Blueprints/UI/Font/Oswald-Regular.uexp" 787
"D:/Projects/ChimeraProject 5.2/Content/Blueprints/UI/Font/Oswald-Regular.uasset" 788
"D:/Projects/ChimeraProject 5.2/Content/Blueprints/UI/Font/Oswald-Regular.ufont" 789
"D:/Projects/ChimeraProject 5.2/Content/Blueprints/UI/Font/Oswald-Light.uexp" 790
"D:/Projects/ChimeraProject 5.2/Content/Blueprints/UI/Font/Oswald-Light.uasset" 791
"D:/Projects/ChimeraProject 5.2/Content/Blueprints/UI/Font/Oswald-Light.ufont" 792
"D:/Projects/ChimeraProject 5.2/Content/Blueprints/UI/Font/Oswald.uasset" 793
"D:/Projects/ChimeraProject 5.2/Content/Blueprints/UI/Font/Oswald.uexp" 794
"D:/Projects/ChimeraProject 5.2/Content/Blueprints/UI/Buttons/Lock.uasset" 795
"D:/Projects/ChimeraProject 5.2/Content/Blueprints/UI/Buttons/Lock.uexp" 796
"D:/Projects/ChimeraProject 5.2/Content/Blueprints/UI/Buttons/LvlButton_Press.uasset" 797
"D:/Projects/ChimeraProject 5.2/Content/Blueprints/UI/Buttons/LvlButton_Press.uexp" 798
"D:/Projects/ChimeraProject 5.2/Content/Blueprints/UI/Buttons/WideBtn.uasset" 799
"D:/Projects/ChimeraProject 5.2/Content/Blueprints/UI/Buttons/WideBtn.uexp" 800
"D:/Projects/ChimeraProject 5.2/Content/Blueprints/UI/Buttons/Button.uasset" 801
"D:/Projects/ChimeraProject 5.2/Content/Blueprints/UI/Buttons/Button.uexp" 802
"D:/Projects/ChimeraProject 5.2/Content/Blueprints/UI/MainMenu.uasset" 803
"D:/Projects/ChimeraProject 5.2/Content/Blueprints/UI/MainMenu.uexp" 804
"D:/Projects/ChimeraProject 5.2/Content/Meshes/Inners/petri_inner.uasset" 805
"D:/Projects/ChimeraProject 5.2/Content/Meshes/Inners/petri_inner.uexp" 806
"D:/Projects/ChimeraProject 5.2/Content/Meshes/Vessels/petri.uasset" 807
"D:/Projects/ChimeraProject 5.2/Content/Meshes/Vessels/petri.uexp" 808
"D:/Projects/ChimeraProject 5.2/Content/Blueprints/Main/Petri.uasset" 809
"D:/Projects/ChimeraProject 5.2/Content/Blueprints/Main/Petri.uexp" 810
"D:/Projects/ChimeraProject 5.2/Content/Meshes/Spoon/BigSpoon.uasset" 811
"D:/Projects/ChimeraProject 5.2/Content/Meshes/Spoon/BigSpoon.uexp" 812
"D:/Projects/ChimeraProject 5.2/Content/Meshes/Spoon/BigSpoon_Inner.uasset" 813
"D:/Projects/ChimeraProject 5.2/Content/Meshes/Spoon/BigSpoon_Inner.uexp" 814
"D:/Projects/ChimeraProject 5.2/Content/Blueprints/Main/BigSpoon.uasset" 815
"D:/Projects/ChimeraProject 5.2/Content/Blueprints/Main/BigSpoon.uexp" 816
"D:/Projects/ChimeraProject 5.2/Content/Materials/SkyMat.uasset" 817
"D:/Projects/ChimeraProject 5.2/Content/Materials/SkyMat.uexp" 818
"D:/Projects/ChimeraProject 5.2/Content/Materials/SkyMI.uasset" 819
"D:/Projects/ChimeraProject 5.2/Content/Materials/SkyMI.uexp" 820
"D:/Projects/ChimeraProject 5.2/Content/Maps/MainLevel.uexp" 821
"D:/Projects/ChimeraProject 5.2/Content/Maps/MainLevel.umap" 822
"D:/Projects/ChimeraProject 5.2/Content/Blueprints/Level1/1_TransMat.uasset" 823
"D:/Projects/ChimeraProject 5.2/Content/Blueprints/Level1/1_TransMat.uexp" 824
"D:/Projects/ChimeraProject 5.2/Content/Meshes/Indicator/FlaskCap.uasset" 825
"D:/Projects/ChimeraProject 5.2/Content/Meshes/Indicator/FlaskCap.uexp" 826
"D:/Projects/ChimeraProject 5.2/Content/Blueprints/Level1/1_DangerFlask.uasset" 827
"D:/Projects/ChimeraProject 5.2/Content/Blueprints/Level1/1_DangerFlask.uexp" 828
"D:/Projects/ChimeraProject 5.2/Content/Texture/SmokeTex.uasset" 829
"D:/Projects/ChimeraProject 5.2/Content/Texture/SmokeTex.uexp" 830
"D:/Projects/ChimeraProject 5.2/Content/Materials/SmokeMat.uasset" 831
"D:/Projects/ChimeraProject 5.2/Content/Materials/SmokeMat.uexp" 832
"D:/Projects/ChimeraProject 5.2/Content/VFX/Smoke.uasset" 833
"D:/Projects/ChimeraProject 5.2/Content/VFX/Smoke.uexp" 834
"D:/Projects/ChimeraProject 5.2/Content/Blueprints/Level1/1_Smoke.uasset" 835
"D:/Projects/ChimeraProject 5.2/Content/Blueprints/Level1/1_Smoke.uexp" 836
"D:/Projects/ChimeraProject 5.2/Content/Blueprints/Level1/1_Dropper.uasset" 837
"D:/Projects/ChimeraProject 5.2/Content/Blueprints/Level1/1_Dropper.uexp" 838
"D:/Projects/ChimeraProject 5.2/Content/Maps/Level1.uexp" 839
"D:/Projects/ChimeraProject 5.2/Content/Maps/Level1.umap" 840
